android/app/build/intermediates/manifest_merge_blame_file/release/manifest-merger-blame-release-report.txt
1<?xml version="1.0" encoding="utf-8"?>
2<manifest xmlns:android="http://schemas.android.com/apk/res/android"
3    package="com.skychains"
4    android:versionCode="1"
5    android:versionName="1.0" >
6
7    <uses-sdk
8        android:minSdkVersion="16"
8-->src/main/AndroidManifest.xml
9        android:targetSdkVersion="28" />
9-->src/main/AndroidManifest.xml
10
11    <uses-permission android:name="android.permission.INTERNET" />
11-->src/main/AndroidManifest.xml:3:3-65
11-->src/main/AndroidManifest.xml:3:20-62
12    <uses-permission android:name="android.permission.CAMERA" />
12-->src/main/AndroidManifest.xml:4:5-64
12-->src/main/AndroidManifest.xml:4:22-62
13
14    <uses-feature
14-->src/main/AndroidManifest.xml:5:5-85
15        android:name="android.hardware.camera"
15-->src/main/AndroidManifest.xml:5:19-57
16        android:required="false" />
16-->src/main/AndroidManifest.xml:5:58-82
17    <uses-feature
17-->src/main/AndroidManifest.xml:6:5-91
18        android:name="android.hardware.camera.front"
18-->src/main/AndroidManifest.xml:6:19-63
19        android:required="false" />
19-->src/main/AndroidManifest.xml:6:64-88
20
21    <uses-permission android:name="android.permission.WRITE_EXTERNAL_STORAGE" />
21-->[:react-native-image-crop-picker] AndroidManifest.xml:10:5-81
21-->[:react-native-image-crop-picker] AndroidManifest.xml:10:22-78
22
23    <application
23-->src/main/AndroidManifest.xml:8:3-16:17
24        android:name="com.skychains.MainApplication"
24-->src/main/AndroidManifest.xml:8:16-47
25        android:allowBackup="false"
25-->src/main/AndroidManifest.xml:8:162-189
26        android:appComponentFactory="androidx.core.app.CoreComponentFactory"
26-->[androidx.core:core:1.1.0] AndroidManifest.xml:24:18-86
27        android:icon="@mipmap/ic_launcher"
27-->src/main/AndroidManifest.xml:8:81-115
28        android:label="@string/app_name"
28-->src/main/AndroidManifest.xml:8:48-80
29        android:roundIcon="@mipmap/ic_launcher_round"
29-->src/main/AndroidManifest.xml:8:116-161
30        android:theme="@style/AppTheme"
30-->src/main/AndroidManifest.xml:8:190-221
31        android:usesCleartextTraffic="true" >
31-->src/main/AndroidManifest.xml:8:222-257
32        <activity
32-->src/main/AndroidManifest.xml:9:5-14:16
33            android:name="com.skychains.MainActivity"
33-->src/main/AndroidManifest.xml:9:15-43
34            android:configChanges="keyboard|keyboardHidden|orientation|screenSize|uiMode"
34-->src/main/AndroidManifest.xml:9:77-154
35            android:label="@string/app_name"
35-->src/main/AndroidManifest.xml:9:44-76
36            android:launchMode="singleTask"
36-->src/main/AndroidManifest.xml:9:192-223
37            android:screenOrientation="portrait"
37-->src/main/AndroidManifest.xml:9:155-191
38            android:windowSoftInputMode="adjustResize" >
38-->src/main/AndroidManifest.xml:9:224-266
39            <intent-filter>
39-->src/main/AndroidManifest.xml:10:7-13:23
40                <action android:name="android.intent.action.MAIN" />
40-->src/main/AndroidManifest.xml:11:9-61
40-->src/main/AndroidManifest.xml:11:17-58
41
42                <category android:name="android.intent.category.LAUNCHER" />
42-->src/main/AndroidManifest.xml:12:9-69
42-->src/main/AndroidManifest.xml:12:19-66
43            </intent-filter>
44        </activity>
45        <activity android:name="com.facebook.react.devsupport.DevSettingsActivity" />
45-->src/main/AndroidManifest.xml:15:5-82
45-->src/main/AndroidManifest.xml:15:15-79
46
47        <provider
47-->[:react-native-image-crop-picker] AndroidManifest.xml:13:9-21:20
48            android:name="androidx.core.content.FileProvider"
48-->[:react-native-image-crop-picker] AndroidManifest.xml:14:13-62
49            android:authorities="com.skychains.provider"
49-->[:react-native-image-crop-picker] AndroidManifest.xml:15:13-60
50            android:exported="false"
50-->[:react-native-image-crop-picker] AndroidManifest.xml:16:13-37
51            android:grantUriPermissions="true" >
51-->[:react-native-image-crop-picker] AndroidManifest.xml:17:13-47
52            <meta-data
52-->[:react-native-image-crop-picker] AndroidManifest.xml:18:13-20:58
53                android:name="android.support.FILE_PROVIDER_PATHS"
53-->[:react-native-image-crop-picker] AndroidManifest.xml:19:17-67
54                android:resource="@xml/provider_paths" />
54-->[:react-native-image-crop-picker] AndroidManifest.xml:20:17-55
55        </provider>
56
57        <activity
57-->[:react-native-image-crop-picker] AndroidManifest.xml:23:9-25:72
58            android:name="com.yalantis.ucrop.UCropActivity"
58-->[:react-native-image-crop-picker] AndroidManifest.xml:24:13-60
59            android:theme="@style/Theme.AppCompat.Light.NoActionBar" />
59-->[:react-native-image-crop-picker] AndroidManifest.xml:25:13-69
60
61        <provider
61-->[:react-native-share] AndroidManifest.xml:12:9-20:20
62            android:name="cl.json.RNShareFileProvider"
62-->[:react-native-share] AndroidManifest.xml:13:13-55
63            android:authorities="com.skychains.rnshare.fileprovider"
63-->[:react-native-share] AndroidManifest.xml:14:13-72
64            android:exported="false"
64-->[:react-native-share] AndroidManifest.xml:15:13-37
65            android:grantUriPermissions="true" >
65-->[:react-native-share] AndroidManifest.xml:16:13-47
66            <meta-data
66-->[:react-native-image-crop-picker] AndroidManifest.xml:18:13-20:58
67                android:name="android.support.FILE_PROVIDER_PATHS"
67-->[:react-native-image-crop-picker] AndroidManifest.xml:19:17-67
68                android:resource="@xml/share_download_paths" />
68-->[:react-native-image-crop-picker] AndroidManifest.xml:20:17-55
69        </provider>
70
71        <meta-data
71-->[com.github.bumptech.glide:okhttp3-integration:4.11.0] AndroidManifest.xml:11:9-13:43
72            android:name="com.bumptech.glide.integration.okhttp3.OkHttpGlideModule"
72-->[com.github.bumptech.glide:okhttp3-integration:4.11.0] AndroidManifest.xml:12:13-84
73            android:value="GlideModule" />
73-->[com.github.bumptech.glide:okhttp3-integration:4.11.0] AndroidManifest.xml:13:13-40
74    </application>
75
76</manifest>